{
  "uid" : "bd48f6902716926a",
  "name" : "Search for github link - negative scenario",
  "fullName" : "Search using Google search engine: Search for github link - negative scenario",
  "historyId" : "73b25865548dab7a02817c0e246a805",
  "time" : {
    "start" : 1559935318661,
    "stop" : 1559935356734,
    "duration" : 38073
  },
  "status" : "failed",
  "statusDetails" : {
    "message" : "Search results page is not loaded",
    "trace" : "java.lang.AssertionError: Search results page is not loaded\r\n\tat org.junit.Assert.fail(Assert.java:88)\r\n\tat org.junit.Assert.assertTrue(Assert.java:41)\r\n\tat org.junit.Assert.assertFalse(Assert.java:64)\r\n\tat com.project.qa.ui.stepdefs.SearchSteps.user_is_not_on_Google_search_results_page(SearchSteps.java:45)\r\n\tat ✽.User is not on Google search results page(classpath:features/google_search.feature:13)\r\n",
    "flaky" : false
  },
  "beforeStages" : [ {
    "name" : "CucumberHooks.BeforeScenario()",
    "time" : {
      "start" : 1559935318661,
      "stop" : 1559935321856,
      "duration" : 3195
    },
    "status" : "passed",
    "steps" : [ ],
    "attachments" : [ ],
    "parameters" : [ ],
    "hasContent" : false,
    "stepsCount" : 0,
    "shouldDisplayMessage" : false,
    "attachmentsCount" : 0
  } ],
  "testStage" : {
    "status" : "failed",
    "statusDetails" : {
      "message" : "Search results page is not loaded",
      "trace" : "java.lang.AssertionError: Search results page is not loaded\r\n\tat org.junit.Assert.fail(Assert.java:88)\r\n\tat org.junit.Assert.assertTrue(Assert.java:41)\r\n\tat org.junit.Assert.assertFalse(Assert.java:64)\r\n\tat com.project.qa.ui.stepdefs.SearchSteps.user_is_not_on_Google_search_results_page(SearchSteps.java:45)\r\n\tat ✽.User is not on Google search results page(classpath:features/google_search.feature:13)\r\n",
      "flaky" : false
    },
    "steps" : [ {
      "name" : "*  Goto \"http://www.google.co.in\"",
      "time" : {
        "start" : 1559935321856,
        "stop" : 1559935329234,
        "duration" : 7378
      },
      "status" : "passed",
      "statusDetails" : {
        "flaky" : false
      },
      "steps" : [ ],
      "attachments" : [ ],
      "parameters" : [ ],
      "hasContent" : false,
      "stepsCount" : 0,
      "shouldDisplayMessage" : false,
      "attachmentsCount" : 0
    }, {
      "name" : "*  Search \"github vikas sanap\"",
      "time" : {
        "start" : 1559935329234,
        "stop" : 1559935353706,
        "duration" : 24472
      },
      "status" : "passed",
      "statusDetails" : {
        "flaky" : false
      },
      "steps" : [ ],
      "attachments" : [ ],
      "parameters" : [ ],
      "hasContent" : false,
      "stepsCount" : 0,
      "shouldDisplayMessage" : false,
      "attachmentsCount" : 0
    }, {
      "name" : "*  User is not on Google search results page",
      "time" : {
        "start" : 1559935353706,
        "stop" : 1559935353739,
        "duration" : 33
      },
      "status" : "failed",
      "statusDetails" : {
        "message" : "Search results page is not loaded",
        "trace" : "java.lang.AssertionError: Search results page is not loaded\r\n\tat org.junit.Assert.fail(Assert.java:88)\r\n\tat org.junit.Assert.assertTrue(Assert.java:41)\r\n\tat org.junit.Assert.assertFalse(Assert.java:64)\r\n\tat com.project.qa.ui.stepdefs.SearchSteps.user_is_not_on_Google_search_results_page(SearchSteps.java:45)\r\n\tat ✽.User is not on Google search results page(classpath:features/google_search.feature:13)\r\n",
        "flaky" : false
      },
      "steps" : [ ],
      "attachments" : [ ],
      "parameters" : [ ],
      "hasContent" : true,
      "stepsCount" : 0,
      "shouldDisplayMessage" : true,
      "attachmentsCount" : 0
    } ],
    "attachments" : [ ],
    "parameters" : [ ],
    "hasContent" : true,
    "stepsCount" : 3,
    "shouldDisplayMessage" : false,
    "attachmentsCount" : 0
  },
  "afterStages" : [ {
    "name" : "CucumberHooks.AfterScenario(Scenario)",
    "time" : {
      "start" : 1559935353739,
      "stop" : 1559935356727,
      "duration" : 2988
    },
    "status" : "passed",
    "steps" : [ ],
    "attachments" : [ ],
    "parameters" : [ ],
    "hasContent" : false,
    "stepsCount" : 0,
    "shouldDisplayMessage" : false,
    "attachmentsCount" : 0
  } ],
  "labels" : [ {
    "name" : "host",
    "value" : "LAPTOP-GTPDS52J"
  }, {
    "name" : "thread",
    "value" : "8492@LAPTOP-GTPDS52J.main(1)"
  }, {
    "name" : "feature",
    "value" : "Search using Google search engine"
  }, {
    "name" : "story",
    "value" : "Search for github link - negative scenario"
  }, {
    "name" : "package",
    "value" : "features.Search using Google search engine"
  }, {
    "name" : "suite",
    "value" : "Search using Google search engine"
  }, {
    "name" : "testClass",
    "value" : "Search for github link - negative scenario"
  }, {
    "name" : "framework",
    "value" : "cucumber4jvm"
  }, {
    "name" : "language",
    "value" : "java"
  }, {
    "name" : "gherkin_uri",
    "value" : "classpath:features/google_search.feature"
  }, {
    "name" : "resultFormat",
    "value" : "allure2"
  } ],
  "parameters" : [ ],
  "links" : [ ],
  "hidden" : true,
  "extra" : {
    "tags" : [ ]
  },
  "statusDetailsSafe" : {
    "message" : "Search results page is not loaded",
    "trace" : "java.lang.AssertionError: Search results page is not loaded\r\n\tat org.junit.Assert.fail(Assert.java:88)\r\n\tat org.junit.Assert.assertTrue(Assert.java:41)\r\n\tat org.junit.Assert.assertFalse(Assert.java:64)\r\n\tat com.project.qa.ui.stepdefs.SearchSteps.user_is_not_on_Google_search_results_page(SearchSteps.java:45)\r\n\tat ✽.User is not on Google search results page(classpath:features/google_search.feature:13)\r\n",
    "flaky" : false
  },
  "source" : "bd48f6902716926a.json",
  "statusMessage" : {
    "present" : true
  },
  "parameterValues" : [ ]
}