<?xml version="1.0" encoding="UTF-8"?>
<!-- Generated by org.testng.reporters.JUnitXMLReporter -->
<testsuite hostname="LAPTOP-GTPDS52J" ignored="0" name="Command line test" tests="4" failures="0" timestamp="11 Aug 2019 08:14:26 GMT" time="5.303" errors="0">
  <testcase name="createEmployee" time="0.201" classname="com.project.qa.api.tests.SampleTest"/>
  <testcase name="getEmployeeDetails" time="0.01" classname="com.project.qa.api.tests.SampleTest"/>
  <testcase name="getEmployees" time="0.007" classname="com.project.qa.api.tests.SampleTest"/>
  <testcase name="getWeatherDetails" time="4.624" classname="com.project.qa.api.tests.SampleTest"/>
</testsuite> <!-- Command line test -->
