<?xml version="1.0" encoding="UTF-8"?>
<testsuite xmlns:xsi="http://www.w3.org/2001/XMLSchema-instance" xsi:noNamespaceSchemaLocation="https://maven.apache.org/surefire/maven-surefire-plugin/xsd/surefire-test-report.xsd" name="com.project.qa.ui.runners.TestRunner" time="20.135" tests="2" errors="0" skipped="0" failures="1">
  <properties>
[...]
</properties>
  <testcase name="Search for github link" classname="Search using Google search engine" time="9.395"/>
  <testcase name="Search for github link - negative scenario" classname="Search using Google search engine" time="9.115">
    <failure message="Search results page is not loaded" type="java.lang.AssertionError">java.lang.AssertionError: Search results page is not loaded
</failure>
    <system-out><![CDATA[2019-08-03 14:08:867 INFO  JUnitListeners :67 - Search for github link test is finished...
2019-08-03 14:08:90 INFO  JUnitListeners :56 - Search for github link - negative scenario test is starting...
2019-08-03 14:08:574 INFO  WaitHelper :78 - before find by: by id or name "search_form_input_homepage"
2019-08-03 14:08:597 INFO  WaitHelper :83 - after find by: [[ChromeDriver: chrome on XP (51a18215f239f6f32dd0896d510a38d4)] -> id: search_form_input_homepage]
2019-08-03 14:08:598 INFO  WaitHelper :99 - before change value of: [[ChromeDriver: chrome on XP (51a18215f239f6f32dd0896d510a38d4)] -> id: search_form_input_homepage]
2019-08-03 14:08:599 INFO  WaitHelper :127 - waiting for :[[ChromeDriver: chrome on XP (51a18215f239f6f32dd0896d510a38d4)] -> id: search_form_input_homepage] for :10 seconds
2019-08-03 14:08:632 INFO  WaitHelper :130 - element is visible now
2019-08-03 14:08:675 INFO  WaitHelper :78 - before find by: by id or name "search_form_input_homepage"
2019-08-03 14:08:690 INFO  WaitHelper :83 - after find by: [[ChromeDriver: chrome on XP (51a18215f239f6f32dd0896d510a38d4)] -> id: search_form_input_homepage]
2019-08-03 14:08:690 INFO  WaitHelper :99 - before change value of: [[ChromeDriver: chrome on XP (51a18215f239f6f32dd0896d510a38d4)] -> id: search_form_input_homepage]
2019-08-03 14:08:691 INFO  WaitHelper :127 - waiting for :[[ChromeDriver: chrome on XP (51a18215f239f6f32dd0896d510a38d4)] -> id: search_form_input_homepage] for :10 seconds
2019-08-03 14:08:733 INFO  WaitHelper :130 - element is visible now
2019-08-03 14:08:913 INFO  WaitHelper :78 - before find by: by id or name "search_button_homepage"
2019-08-03 14:08:933 INFO  WaitHelper :83 - after find by: [[ChromeDriver: chrome on XP (51a18215f239f6f32dd0896d510a38d4)] -> id: search_button_homepage]
2019-08-03 14:08:934 INFO  WaitHelper :88 - before click on: [[ChromeDriver: chrome on XP (51a18215f239f6f32dd0896d510a38d4)] -> id: search_button_homepage]
2019-08-03 14:08:934 INFO  WaitHelper :127 - waiting for :[[ChromeDriver: chrome on XP (51a18215f239f6f32dd0896d510a38d4)] -> id: search_button_homepage] for :10 seconds
2019-08-03 14:08:964 INFO  WaitHelper :130 - element is visible now
2019-08-03 14:08:618 INFO  WaitHelper :94 - after click on: [[ChromeDriver: chrome on XP (51a18215f239f6f32dd0896d510a38d4)] -> id: search_button_homepage]
2019-08-03 14:08:624 INFO  WaitHelper :78 - before find by: by id or name "duckbar"
2019-08-03 14:08:686 INFO  WaitHelper :83 - after find by: [[ChromeDriver: chrome on XP (51a18215f239f6f32dd0896d510a38d4)] -> id: duckbar]
2019-08-03 14:08:768 ERROR AssertionHelper :42 - assertFalse failure for condition true with message Search results page is not loaded
2019-08-03 14:08:526 INFO  WebDriverManager :120 - screenshot has been saved at: D:\Personal\Technical\automation\ui/target/screenshots/searchforgithublink-negativescenario.png
2019-08-03 14:08:526 INFO  WebDriverManager :104 - closing web driver instance
2019-08-03 14:08:184 INFO  WebDriverManager :107 - web driver instances closed successfully
]]></system-out>
    <system-err><![CDATA[Starting ChromeDriver 75.0.3770.140 (2d9f97485c7b07dc18a74666574f19176731995c-refs/branch-heads/3770@{#1155}) on port 27167
Only local connections are allowed.
Please protect ports used by ChromeDriver and related test frameworks to prevent access by malicious code.
[1564823092.313][WARNING]: This version of ChromeDriver has not been tested with Chrome version 76.
Aug 03, 2019 2:34:53 PM org.openqa.selenium.remote.ProtocolHandshake createSession
INFO: Detected dialect: W3C
]]></system-err>
  </testcase>
</testsuite>